2016-08-30T12:57:46.719908+00:00 heroku[web.1]: State changed from up to down
2016-08-30T12:57:49.071988+00:00 heroku[web.1]: Stopping all processes with SIGTERM
2016-08-30T12:57:49.704352+00:00 heroku[web.1]: Process exited with status 143
2016-08-30T12:58:12.349911+00:00 heroku[api]: Scale to web=1 by pouyajoon@gmail.com
2016-08-30T12:58:27.420942+00:00 heroku[web.1]: Starting process with command `node index.js`
2016-08-30T12:58:28.531208+00:00 app[web.1]: LOG TEST
2016-08-30T12:58:28.532333+00:00 app[web.1]: ERROR TEST
2016-08-30T12:58:28.532589+00:00 app[web.1]: WARN TEST
2016-08-30T12:58:28.532620+00:00 app[web.1]: INFO TEST
2016-08-30T12:58:28.714204+00:00 app[web.1]: setup gmap
2016-08-30T12:58:29.027337+00:00 app[web.1]: cluster true
2016-08-30T12:58:29.111316+00:00 app[web.1]: LOG TEST
2016-08-30T12:58:29.112307+00:00 app[web.1]: ERROR TEST
2016-08-30T12:58:29.112536+00:00 app[web.1]: WARN TEST
2016-08-30T12:58:29.112570+00:00 app[web.1]: INFO TEST
2016-08-30T12:58:29.370601+00:00 app[web.1]: setup gmap
2016-08-30T12:58:30.073759+00:00 heroku[web.1]: State changed from starting to up
2016-08-30T12:58:29.692268+00:00 app[web.1]: cluster false
2016-08-30T12:58:29.692481+00:00 app[web.1]: Hello Pokebot
2016-08-30T12:58:29.863376+00:00 app[web.1]: listening on *:3000
2016-08-30T12:58:29.982738+00:00 app[web.1]: update location { latitude: 48.846988, longitude: 2.334972, altitude: 0 }
2016-08-30T12:58:29.982918+00:00 app[web.1]: [i] Logging with user: pouyapokemon2
2016-08-30T12:58:30.510853+00:00 app[web.1]: [i] Received Google access token!
2016-08-30T12:58:30.510960+00:00 app[web.1]: get access token done.
2016-08-30T12:58:30.518694+00:00 app[web.1]: send request post { url: 'https://pgorelease.nianticlabs.com/plfe/rpc',
2016-08-30T12:58:30.518696+00:00 app[web.1]:   body: <Buffer 08 02 18 80 80 80 80 b0 83 92 b2 14 22 02 08 02 22 02 08 7e 22 02 08 04 22 03 08 81 01 22 02 08 05 39 5f 0d 50 1a 6a 6c 48 40 41 0f 9b c8 cc 05 ae 02 ... >,
2016-08-30T12:58:30.518696+00:00 app[web.1]:   encoding: null,
2016-08-30T12:58:30.518696+00:00 app[web.1]:   headers: { 'User-Agent': 'Niantic App' } }
2016-08-30T12:58:30.684692+00:00 app[web.1]: f_ret undefined undefined
2016-08-30T12:58:32.047634+00:00 heroku[web.1]: Restarting
2016-08-30T12:58:32.048177+00:00 heroku[web.1]: State changed from up to starting
2016-08-30T12:58:34.456522+00:00 heroku[web.1]: Stopping all processes with SIGTERM
2016-08-30T12:58:34.465945+00:00 heroku[web.1]: Starting process with command `node index.js`
2016-08-30T12:58:35.039070+00:00 heroku[web.1]: Process exited with status 143
2016-08-30T12:58:36.678563+00:00 app[web.1]: LOG TEST
2016-08-30T12:58:36.681307+00:00 app[web.1]: ERROR TEST
2016-08-30T12:58:36.681856+00:00 app[web.1]: WARN TEST
2016-08-30T12:58:36.681941+00:00 app[web.1]: INFO TEST
2016-08-30T12:58:36.984425+00:00 app[web.1]: setup gmap
2016-08-30T12:58:37.488437+00:00 app[web.1]: cluster true
2016-08-30T12:58:37.575710+00:00 app[web.1]: LOG TEST
2016-08-30T12:58:37.577072+00:00 app[web.1]: ERROR TEST
2016-08-30T12:58:37.577389+00:00 app[web.1]: WARN TEST
2016-08-30T12:58:37.577421+00:00 app[web.1]: INFO TEST
2016-08-30T12:58:37.762107+00:00 app[web.1]: setup gmap
2016-08-30T12:58:38.559898+00:00 app[web.1]: cluster false
2016-08-30T12:58:38.560471+00:00 app[web.1]: Hello Pokebot
2016-08-30T12:58:38.856395+00:00 app[web.1]: listening on *:3000
2016-08-30T12:58:38.963937+00:00 app[web.1]: update location { latitude: 48.846988, longitude: 2.334972, altitude: 0 }
2016-08-30T12:58:38.964186+00:00 app[web.1]: [i] Logging with user: pouyapokemon2
2016-08-30T12:58:39.186031+00:00 heroku[web.1]: State changed from starting to up
2016-08-30T12:58:39.467623+00:00 app[web.1]: [i] Received Google access token!
2016-08-30T12:58:39.467726+00:00 app[web.1]: get access token done.
2016-08-30T12:58:39.476604+00:00 app[web.1]: send request post { url: 'https://pgorelease.nianticlabs.com/plfe/rpc',
2016-08-30T12:58:39.476609+00:00 app[web.1]:   body: <Buffer 08 02 18 80 80 80 80 b0 83 92 b2 14 22 02 08 02 22 02 08 7e 22 02 08 04 22 03 08 81 01 22 02 08 05 39 5f 0d 50 1a 6a 6c 48 40 41 0f 9b c8 cc 05 ae 02 ... >,
2016-08-30T12:58:39.476610+00:00 app[web.1]:   encoding: null,
2016-08-30T12:58:39.476611+00:00 app[web.1]:   headers: { 'User-Agent': 'Niantic App' } }
2016-08-30T12:58:39.638939+00:00 app[web.1]: f_ret undefined undefined
2016-08-30T12:59:08.568980+00:00 app[web.1]: CHECK BOOM TIMER 0 minutes WAITING 11 minutes
2016-08-30T12:59:38.597770+00:00 app[web.1]: CHECK BOOM TIMER 1 minutes WAITING 11 minutes
2016-08-30T13:00:08.627193+00:00 app[web.1]: CHECK BOOM TIMER 1 minutes WAITING 11 minutes
2016-08-30T13:00:38.656241+00:00 app[web.1]: CHECK BOOM TIMER 2 minutes WAITING 11 minutes
2016-08-30T13:01:08.684246+00:00 app[web.1]: CHECK BOOM TIMER 2 minutes WAITING 11 minutes
2016-08-30T13:01:38.712251+00:00 app[web.1]: CHECK BOOM TIMER 3 minutes WAITING 11 minutes
2016-08-30T13:02:08.732711+00:00 app[web.1]: CHECK BOOM TIMER 3 minutes WAITING 11 minutes
2016-08-30T13:02:38.760331+00:00 app[web.1]: CHECK BOOM TIMER 4 minutes WAITING 11 minutes
2016-08-30T13:03:08.790323+00:00 app[web.1]: CHECK BOOM TIMER 4 minutes WAITING 11 minutes
2016-08-30T13:03:38.808595+00:00 app[web.1]: CHECK BOOM TIMER 5 minutes WAITING 11 minutes
2016-08-30T13:04:01.452875+00:00 heroku[web.1]: Restarting
2016-08-30T13:04:01.453395+00:00 heroku[web.1]: State changed from up to starting
2016-08-30T13:04:03.922616+00:00 heroku[web.1]: Starting process with command `node index.js`
2016-08-30T13:04:04.611556+00:00 heroku[web.1]: Stopping all processes with SIGTERM
2016-08-30T13:04:05.328043+00:00 heroku[web.1]: Process exited with status 143
2016-08-30T13:04:05.137246+00:00 app[web.1]: LOG TEST
2016-08-30T13:04:05.138359+00:00 app[web.1]: ERROR TEST
2016-08-30T13:04:05.138611+00:00 app[web.1]: WARN TEST
2016-08-30T13:04:05.138632+00:00 app[web.1]: INFO TEST
2016-08-30T13:04:05.328379+00:00 app[web.1]: setup gmap
2016-08-30T13:04:05.633979+00:00 app[web.1]: cluster true
2016-08-30T13:04:05.715905+00:00 app[web.1]: LOG TEST
2016-08-30T13:04:05.716788+00:00 app[web.1]: ERROR TEST
2016-08-30T13:04:05.717023+00:00 app[web.1]: WARN TEST
2016-08-30T13:04:05.717052+00:00 app[web.1]: INFO TEST
2016-08-30T13:04:05.895911+00:00 app[web.1]: setup gmap
2016-08-30T13:04:06.212384+00:00 app[web.1]: cluster false
2016-08-30T13:04:06.212583+00:00 app[web.1]: Hello Pokebot
2016-08-30T13:04:06.384023+00:00 app[web.1]: listening on *:3000
2016-08-30T13:04:06.475773+00:00 app[web.1]: update location { latitude: 48.846988, longitude: 2.334972, altitude: 0 }
2016-08-30T13:04:06.476073+00:00 app[web.1]: [i] Logging with user: pouyapokemon2
2016-08-30T13:04:06.564912+00:00 heroku[web.1]: State changed from starting to up
2016-08-30T13:04:06.987975+00:00 app[web.1]: [i] Received Google access token!
2016-08-30T13:04:06.988068+00:00 app[web.1]: get access token done.
2016-08-30T13:04:06.995194+00:00 app[web.1]: send request post { url: 'https://pgorelease.nianticlabs.com/plfe/rpc',
2016-08-30T13:04:06.995195+00:00 app[web.1]:   body: <Buffer 08 02 18 80 80 80 80 b0 83 92 b2 14 22 02 08 02 22 02 08 7e 22 02 08 04 22 03 08 81 01 22 02 08 05 39 5f 0d 50 1a 6a 6c 48 40 41 0f 9b c8 cc 05 ae 02 ... >,
2016-08-30T13:04:06.995196+00:00 app[web.1]:   encoding: null,
2016-08-30T13:04:06.995197+00:00 app[web.1]:   headers: { 'User-Agent': 'Niantic App' } }
2016-08-30T13:04:07.145704+00:00 app[web.1]: f_ret undefined undefined
2016-08-30T13:04:20.915797+00:00 heroku[router]: at=info code=H80 desc="Maintenance mode" method=GET path="/" host=pgplay.herokuapp.com request_id=866b79b0-c62a-4426-8d99-02aba02aca8e fwd="84.233.144.186" dyno= connect= service= status=503 bytes=
2016-08-30T13:04:22.334424+00:00 heroku[router]: at=info code=H80 desc="Maintenance mode" method=GET path="/" host=pgplay.herokuapp.com request_id=cf48a156-e37e-4b6b-acdf-697dc29d90cd fwd="84.233.144.186" dyno= connect= service= status=503 bytes=
2016-08-30T13:04:36.242520+00:00 app[web.1]: CHECK BOOM TIMER 0 minutes WAITING 11 minutes
2016-08-30T13:04:37.088214+00:00 heroku[api]: Set maintenance mode off by pouyajoon@gmail.com
2016-08-30T13:05:06.245258+00:00 app[web.1]: CHECK BOOM TIMER 1 minutes WAITING 11 minutes
2016-08-30T13:05:09.389243+00:00 heroku[router]: at=info code=H80 desc="Maintenance mode" method=GET path="/" host=pgplay.herokuapp.com request_id=821fc898-14ef-4909-ab6b-33a6a7891c36 fwd="84.233.144.186" dyno= connect= service= status=503 bytes=
2016-08-30T13:05:10.575348+00:00 heroku[router]: at=info code=H80 desc="Maintenance mode" method=GET path="/" host=pgplay.herokuapp.com request_id=22f1fc02-5370-4cb9-9a9b-723ce744b383 fwd="84.233.144.186" dyno= connect= service= status=503 bytes=
2016-08-30T13:05:11.142338+00:00 heroku[router]: at=info code=H80 desc="Maintenance mode" method=GET path="/" host=pgplay.herokuapp.com request_id=8015ddea-8899-45f3-b508-a56d3d18096d fwd="84.233.144.186" dyno= connect= service= status=503 bytes=
2016-08-30T13:05:34.649184+00:00 heroku[api]: Set maintenance mode off by pouyajoon@gmail.com
2016-08-30T13:05:36.275703+00:00 app[web.1]: CHECK BOOM TIMER 1 minutes WAITING 11 minutes
2016-08-30T13:05:37.162946+00:00 heroku[router]: at=info code=H80 desc="Maintenance mode" method=GET path="/" host=pgplay.herokuapp.com request_id=e5f38f9c-3225-4489-8bb6-0146bd33c9b1 fwd="84.233.144.186" dyno= connect= service= status=503 bytes=
2016-08-30T13:05:38.018133+00:00 heroku[router]: at=info code=H80 desc="Maintenance mode" method=GET path="/" host=pgplay.herokuapp.com request_id=d1b438bc-d9d7-4f17-99e8-b58b94738033 fwd="84.233.144.186" dyno= connect= service= status=503 bytes=
2016-08-30T13:05:38.884436+00:00 heroku[router]: at=info code=H80 desc="Maintenance mode" method=GET path="/" host=pgplay.herokuapp.com request_id=ffa0e8cd-907d-491e-bee6-55c70f39292b fwd="84.233.144.186" dyno= connect= service= status=503 bytes=
2016-08-30T13:05:39.193677+00:00 heroku[router]: at=info code=H80 desc="Maintenance mode" method=GET path="/" host=pgplay.herokuapp.com request_id=34703460-4f66-4476-a921-5e03f04f41dd fwd="84.233.144.186" dyno= connect= service= status=503 bytes=
2016-08-30T13:05:39.431631+00:00 heroku[router]: at=info code=H80 desc="Maintenance mode" method=GET path="/" host=pgplay.herokuapp.com request_id=a2ebdcee-4bc5-46b0-86f8-2b433402c845 fwd="84.233.144.186" dyno= connect= service= status=503 bytes=
2016-08-30T13:05:47.942752+00:00 heroku[router]: at=info method=GET path="/" host=pgplay.herokuapp.com request_id=580f4051-345c-4ae1-ae4d-d6ca2e3f0ac9 fwd="84.233.144.186" dyno=web.1 connect=0ms service=13ms status=200 bytes=5802
2016-08-30T13:05:48.038374+00:00 heroku[router]: at=info method=GET path="/js/main.js" host=pgplay.herokuapp.com request_id=a51d461c-ebfc-4b83-89da-25fd32a352ea fwd="84.233.144.186" dyno=web.1 connect=0ms service=7ms status=200 bytes=15111
2016-08-30T13:05:48.008948+00:00 heroku[router]: at=info method=GET path="/socket.io/socket.io.js" host=pgplay.herokuapp.com request_id=5ca1170d-7be0-4c0c-87df-3d41dbaa0164 fwd="84.233.144.186" dyno=web.1 connect=0ms service=2ms status=304 bytes=85
2016-08-30T13:05:48.040384+00:00 heroku[router]: at=info method=GET path="/css/main.css" host=pgplay.herokuapp.com request_id=5c1109cf-ca0c-4aea-8728-d8b89b5bc95e fwd="84.233.144.186" dyno=web.1 connect=1ms service=6ms status=200 bytes=1263
2016-08-30T13:05:48.333981+00:00 app[web.1]: [S] User connected
2016-08-30T13:05:48.472432+00:00 heroku[router]: at=info method=GET path="/templates/table-list.ng.html" host=pgplay.herokuapp.com request_id=7581c45f-51b0-4498-9a8a-69649872fc75 fwd="84.233.144.186" dyno=web.1 connect=0ms service=2ms status=200 bytes=588
2016-08-30T13:06:06.296007+00:00 app[web.1]: CHECK BOOM TIMER 2 minutes WAITING 11 minutes
2016-08-30T13:06:36.316208+00:00 app[web.1]: CHECK BOOM TIMER 2 minutes WAITING 11 minutes
2016-08-30T13:07:06.320204+00:00 app[web.1]: CHECK BOOM TIMER 3 minutes WAITING 11 minutes
2016-08-30T13:07:17.738245+00:00 heroku[web.1]: Restarting
2016-08-30T13:07:17.738977+00:00 heroku[web.1]: State changed from up to starting
2016-08-30T13:07:27.460855+00:00 heroku[web.1]: Starting process with command `node index.js`
2016-08-30T13:07:28.102138+00:00 heroku[web.1]: Stopping all processes with SIGTERM
2016-08-30T13:07:28.603926+00:00 heroku[router]: at=info method=GET path="/socket.io/?EIO=3&transport=websocket" host=pgplay.herokuapp.com request_id=d5b884ad-2e75-4930-a946-d64396f2d775 fwd="84.233.144.186" dyno=web.1 connect=0ms service=100302ms status=101 bytes=175
2016-08-30T13:07:28.697026+00:00 heroku[web.1]: Process exited with status 143
2016-08-30T13:07:29.278259+00:00 app[web.1]: LOG TEST
2016-08-30T13:07:29.279430+00:00 app[web.1]: ERROR TEST
2016-08-30T13:07:29.279737+00:00 app[web.1]: WARN TEST
2016-08-30T13:07:29.279773+00:00 app[web.1]: INFO TEST
2016-08-30T13:07:29.479433+00:00 app[web.1]: setup gmap
2016-08-30T13:07:29.893607+00:00 app[web.1]: cluster true
2016-08-30T13:07:29.987334+00:00 app[web.1]: LOG TEST
2016-08-30T13:07:29.988778+00:00 app[web.1]: ERROR TEST
2016-08-30T13:07:29.989278+00:00 app[web.1]: WARN TEST
2016-08-30T13:07:29.989280+00:00 app[web.1]: INFO TEST
2016-08-30T13:07:30.191344+00:00 app[web.1]: setup gmap
2016-08-30T13:07:30.647926+00:00 app[web.1]: cluster false
2016-08-30T13:07:30.648288+00:00 app[web.1]: Hello Pokebot
2016-08-30T13:07:31.145334+00:00 app[web.1]: listening on *:3000
2016-08-30T13:07:31.243396+00:00 app[web.1]: update location { latitude: 48.846988, longitude: 2.334972, altitude: 0 }
2016-08-30T13:07:31.243584+00:00 app[web.1]: [i] Logging with user: pouyapokemon2
2016-08-30T13:07:31.702803+00:00 heroku[web.1]: State changed from starting to up
2016-08-30T13:07:31.868165+00:00 app[web.1]: [i] Received Google access token!
2016-08-30T13:07:31.868424+00:00 app[web.1]: get access token done.
2016-08-30T13:07:31.879550+00:00 app[web.1]: send request post { url: 'https://pgorelease.nianticlabs.com/plfe/rpc',
2016-08-30T13:07:31.879552+00:00 app[web.1]:   body: <Buffer 08 02 18 80 80 80 80 b0 83 92 b2 14 22 02 08 02 22 02 08 7e 22 02 08 04 22 03 08 81 01 22 02 08 05 39 5f 0d 50 1a 6a 6c 48 40 41 0f 9b c8 cc 05 ae 02 ... >,
2016-08-30T13:07:31.879553+00:00 app[web.1]:   encoding: null,
2016-08-30T13:07:31.879554+00:00 app[web.1]:   headers: { 'User-Agent': 'Niantic App' } }
2016-08-30T13:07:32.032435+00:00 app[web.1]: f_ret undefined undefined
2016-08-30T13:08:00.666474+00:00 app[web.1]: CHECK BOOM TIMER 0 minutes WAITING 9 minutes
